Building DAG of jobs...
Using shell: /usr/bin/bash
Provided cores: 1 (use --cores to define parallelism)
Rules claiming more threads will be scaled down.
Job stats:
job                              count    min threads    max threads
-----------------------------  -------  -------------  -------------
all                                  1              1              1
compare_CDR_to_DE_high_thresh        1              1              1
do_DE_and_enrichment                 1              1              1
plot_diagrams                        1              1              1
run_CDR_and_enrichment               1              1              1
total                                5              1              1

Select jobs to execute...

[Tue Jan 11 06:49:24 2022]
rule do_DE_and_enrichment:
    input: results/mono_preprocessed.h5ad, downloaded_data/gene2go, downloaded_data/PANTHERGOslim.obo
    output: results/low_thresh_mono_de.csv, results/high_thresh_mono_de.csv, results/low_thresh_delist.csv, results/high_thresh_delist.csv
    jobid: 6
    resources: tmpdir=/tmp

[Tue Jan 11 06:51:16 2022]
Finished job 6.
1 of 5 steps (20%) done
Select jobs to execute...

[Tue Jan 11 06:51:16 2022]
rule run_CDR_and_enrichment:
    input: results/mono_preprocessed.h5ad, downloaded_data/gene2go, downloaded_data/PANTHERGOslim.obo
    output: results/CDR_done.h5ad
    jobid: 2
    resources: tmpdir=/tmp

[Tue Jan 11 10:25:59 2022]
Finished job 2.
2 of 5 steps (40%) done
Select jobs to execute...

[Tue Jan 11 10:25:59 2022]
rule compare_CDR_to_DE_high_thresh:
    input: results/CDR_done.h5ad, results/high_thresh_mono_de.csv
    output: results/h_intersection.txt, results/h_CDR_only.txt, results/h_DE_only.txt
    jobid: 5
    resources: tmpdir=/tmp

[Tue Jan 11 10:25:59 2022]
Error in rule compare_CDR_to_DE_high_thresh:
    jobid: 5
    output: results/h_intersection.txt, results/h_CDR_only.txt, results/h_DE_only.txt

WorkflowError:
Failed to open source file /data3/CDR_paper/CDR_software/CDR_workflow/monocytes/../scripts/analyse_intersection.py
FileNotFoundError: [Errno 2] No such file or directory: '/data3/CDR_paper/CDR_software/CDR_workflow/monocytes/../scripts/analyse_intersection.py'
  File "/home/ubuntu/miniconda3/envs/pyenv/lib/python3.9/concurrent/futures/thread.py", line 52, in run
  File "/data3/CDR_paper/CDR_software/CDR_workflow/monocytes/snakefile", line 137, in __rule_compare_CDR_to_DE_high_thresh
Shutting down, this might take some time.
Exiting because a job execution failed. Look above for error message
Complete log: /data3/CDR_paper/CDR_software/CDR_workflow/monocytes/.snakemake/log/2022-01-11T064924.116192.snakemake.log
