Building DAG of jobs...
Using shell: /usr/bin/bash
Provided cores: 1 (use --cores to define parallelism)
Rules claiming more threads will be scaled down.
Job stats:
job                              count    min threads    max threads
-----------------------------  -------  -------------  -------------
all                                  1              1              1
compare_CDR_to_DE_high_thresh        1              1              1
plot_diagrams                        1              1              1
total                                3              1              1

Select jobs to execute...

[Tue Jan 11 11:47:39 2022]
rule compare_CDR_to_DE_high_thresh:
    input: results/CDR_done.h5ad, results/high_thresh_mono_de.csv
    output: results/h_intersection.txt, results/h_CDR_only.txt, results/h_DE_only.txt
    jobid: 5
    resources: tmpdir=/tmp

[Tue Jan 11 11:47:46 2022]
Finished job 5.
1 of 3 steps (33%) done
Select jobs to execute...

[Tue Jan 11 11:47:46 2022]
rule plot_diagrams:
    input: results/CDR_done.h5ad, results/h_DE_only.txt
    output: results/heatmaps_1002.pngresults/barplot_1002.png
    jobid: 1
    resources: tmpdir=/tmp

[Tue Jan 11 11:47:48 2022]
Error in rule plot_diagrams:
    jobid: 1
    output: results/heatmaps_1002.pngresults/barplot_1002.png

Shutting down, this might take some time.
Exiting because a job execution failed. Look above for error message
Complete log: /data3/CDR_paper/CDR_software/CDR_workflow/monocytes/.snakemake/log/2022-01-11T114739.657682.snakemake.log
