Building DAG of jobs...
Using shell: /usr/bin/bash
Provided cores: 1 (use --cores to define parallelism)
Rules claiming more threads will be scaled down.
Job stats:
job              count    min threads    max threads
-------------  -------  -------------  -------------
all                  1              1              1
plot_diagrams        1              1              1
total                2              1              1

Select jobs to execute...

[Tue Jan 11 11:58:09 2022]
rule plot_diagrams:
    input: results/CDR_done.h5ad, results/h_DE_only.txt
    output: results/heatmaps_1002.png, results/barplot_1002.png
    jobid: 1
    resources: tmpdir=/tmp

[Tue Jan 11 11:58:28 2022]
Finished job 1.
1 of 2 steps (50%) done
Select jobs to execute...

[Tue Jan 11 11:58:28 2022]
localrule all:
    input: results/heatmaps_1002.png, results/barplot_1002.png
    jobid: 0
    resources: tmpdir=/tmp

[Tue Jan 11 11:58:28 2022]
Finished job 0.
2 of 2 steps (100%) done
Complete log: /data3/CDR_paper/CDR_software/CDR_workflow/monocytes/.snakemake/log/2022-01-11T115809.324593.snakemake.log
