Building DAG of jobs...
Using shell: /usr/bin/bash
Provided cores: 1 (use --cores to define parallelism)
Rules claiming more threads will be scaled down.
Job stats:
job             count    min threads    max threads
------------  -------  -------------  -------------
all                 1              1              1
plot_figures        1              1              1
total               2              1              1

Select jobs to execute...

[Mon Jan 10 23:57:54 2022]
rule plot_figures:
    input: results/CDR_done.h5ad
    output: results/muscle_factors.png, results/muscle_genes.png
    jobid: 1
    resources: tmpdir=/tmp

[Mon Jan 10 23:58:08 2022]
Error in rule plot_figures:
    jobid: 1
    output: results/muscle_factors.png, results/muscle_genes.png

Shutting down, this might take some time.
Exiting because a job execution failed. Look above for error message
Complete log: /data3/CDR_paper/CDR_software/CDR_workflow/myocytes/.snakemake/log/2022-01-10T235754.340257.snakemake.log
